[11:45:03] [Client thread/INFO]: Setting user: Player559
[11:45:07] [Client thread/INFO]: LWJGL Version: 2.9.4
[11:45:08] [Client thread/INFO]: [STDOUT]: ---- Minecraft Crash Report ----
// Don't do that.

Time: 5/24/17 11:45 AM
Description: Loading screen debug info

This is just a prompt for computer specs to be printed. THIS IS NOT A ERROR


A detailed walkthrough of the error, its code path and all known details is as follows:
---------------------------------------------------------------------------------------

-- System Details --
Details:
	Minecraft Version: 1.11.2
	Operating System: Windows 7 (amd64) version 6.1
	Java Version: 1.8.0_131, Oracle Corporation
	Java VM Version: Java HotSpot(TM) 64-Bit Server VM (mixed mode), Oracle Corporation
	Memory: 656632576 bytes (626 MB) / 1037959168 bytes (989 MB) up to 1037959168 bytes (989 MB)
	JVM Flags: 3 total; -Xincgc -Xmx1024M -Xms1024M
	IntCache: cache: 0, tcache: 0, allocated: 0, tallocated: 0
	FML: 
	Loaded coremods (and transformers): 
	GL info: ' Vendor: 'ATI Technologies Inc.' Version: '4.5.13474 Compatibility Profile Context 22.19.162.4' Renderer: 'Radeon (TM) RX 480 Graphics'
[11:45:10] [Client thread/INFO]: Reloading ResourceManager: Default, FMLFileResourcePack:Forge Mod Loader, FMLFileResourcePack:Minecraft Forge, FMLFileResourcePack:Example Mod, FMLFileResourcePack:mccpsmods
[11:45:12] [Sound Library Loader/INFO]: Starting up SoundSystem...
[11:45:13] [Thread-7/INFO]: Initializing LWJGL OpenAL
[11:45:13] [Thread-7/INFO]: (The LWJGL binding of OpenAL.  For more information, see http://www.lwjgl.org)
[11:45:13] [Thread-7/INFO]: OpenAL initialized.
[11:45:13] [Sound Library Loader/INFO]: Sound engine started
[11:45:16] [Client thread/INFO]: Created: 16x16 textures-atlas
[11:45:16] [Client thread/INFO]: [STDOUT]: DIRT BLOCK >> tile.dirt
[11:45:16] [Client thread/INFO]: Reloading ResourceManager: Default, FMLFileResourcePack:Forge Mod Loader, FMLFileResourcePack:Minecraft Forge, FMLFileResourcePack:Example Mod, FMLFileResourcePack:mccpsmods
[11:45:18] [Client thread/INFO]: SoundSystem shutting down...
[11:45:18] [Client thread/WARN]: Author: Paul Lamb, www.paulscode.com
[11:45:18] [Sound Library Loader/INFO]: Starting up SoundSystem...
[11:45:19] [Thread-9/INFO]: Initializing LWJGL OpenAL
[11:45:19] [Thread-9/INFO]: (The LWJGL binding of OpenAL.  For more information, see http://www.lwjgl.org)
[11:45:19] [Thread-9/INFO]: OpenAL initialized.
[11:45:19] [Sound Library Loader/INFO]: Sound engine started
[11:45:21] [Client thread/INFO]: Created: 512x512 textures-atlas
[11:45:23] [Realms Notification Availability checker #1/INFO]: Could not authorize you against Realms server: Invalid session id
[11:45:29] [Client thread/INFO]: Stopping!
[11:45:29] [Client thread/INFO]: SoundSystem shutting down...
[11:45:29] [Client thread/WARN]: Author: Paul Lamb, www.paulscode.com
